5 45
P -2 -3 2 4
Z 1 1 0 0 2
Z 2 -1 0 0 2
Z 3 1 -1 -1 -1
Z 4 1 -1.8 -1 -1.8
2 0 0 
3 0 0
4 0 -4
5 -1 -2
5 -1 -3
5 -1 -4
5 -1 -5.999999
5 -1 -6
5 -1.5 -1.5
5 -1.5 -2
5 -1.5 -2.5
5 -1.5 -2.6
5 -1.5 -3
5 -1.5 -4
5 -1.5 -5.5
5 -1.8 -1
5 -1.8 -2
5 -1.8 -2.2
5 -1.8 -2.5
5 -1.8 -2.8
5 -1.8 -3
5 -1.8 -4
5 -1.8 -5
5 -1.8 -6
5 -1.8 -6.000001
5 -2.5 -1
5 -2.5 -1.799999
5 -2.5 -1.8
5 -2.5 -1.800001
5 -2.5 -2
5 -2.5 -2.2
5 -2.5 -2.5
5 -2.5 -2.6
5 -2.5 -2.61
5 -2.5 -2.8
5 -2.5 -3.5
5 -2.5 -4
5 -2.5 -4.000001
5 -3 -4
5 -3.5 -2.5
5 -4 -2.5
5 -4 -3
5 -4.5 -2.5
5 -5 -2.5
5 -5.2 -2.5
